0 info it worked if it ends with ok
1 verbose cli [ '/usr/local/n/versions/node/5.6.0/bin/node',
1 verbose cli   '/usr/local/bin/npm',
1 verbose cli   'start' ]
2 info using npm@3.6.0
3 info using node@v5.6.0
4 verbose run-script [ 'prestart', 'start', 'poststart' ]
5 info lifecycle termster@0.0.2~prestart: termster@0.0.2
6 silly lifecycle termster@0.0.2~prestart: no script for prestart, continuing
7 info lifecycle termster@0.0.2~start: termster@0.0.2
8 verbose lifecycle termster@0.0.2~start: unsafe-perm in lifecycle true
9 verbose lifecycle termster@0.0.2~start: PATH: /usr/local/lib/node_modules/npm/bin/node-gyp-bin:/Users/joegesualdo/code/node/modules/termster/node_modules/.bin:/usr/local/heroku/bin:/Users/joegesualdo/.bin:~/vendor/bundle/bin:/Users/joegesualdo/.rbenv/shims:/usr/local/bin:/usr/local/sbin:~/bin:.git/safe/../../bin:/Users/joegesualdo/.rbenv/shims:/usr/local/bin:/usr/bin:/bin:/usr/sbin:/sbin:/usr/local/heroku/bin:/Users/joegesualdo/.bin:~/vendor/bundle/bin:/Users/joegesualdo/.rbenv/shims:/usr/local/sbin:~/bin:.git/safe/../../bin:/Users/joegesualdo/.rvm/bin:/Users/joegesualdo/.rvm/bin:/Users/joegesualdo/.rvm/bin
10 verbose lifecycle termster@0.0.2~start: CWD: /Users/joegesualdo/code/node/modules/termster
11 silly lifecycle termster@0.0.2~start: Args: [ '-c', 'gulp' ]
12 silly lifecycle termster@0.0.2~start: Returned: code: 1  signal: null
13 info lifecycle termster@0.0.2~start: Failed to exec start script
14 verbose stack Error: termster@0.0.2 start: `gulp`
14 verbose stack Exit status 1
14 verbose stack     at EventEmitter.<anonymous> (/usr/local/lib/node_modules/npm/lib/utils/lifecycle.js:232:16)
14 verbose stack     at emitTwo (events.js:100:13)
14 verbose stack     at EventEmitter.emit (events.js:185:7)
14 verbose stack     at ChildProcess.<anonymous> (/usr/local/lib/node_modules/npm/lib/utils/spawn.js:24:14)
14 verbose stack     at emitTwo (events.js:100:13)
14 verbose stack     at ChildProcess.emit (events.js:185:7)
14 verbose stack     at maybeClose (internal/child_process.js:827:16)
14 verbose stack     at Process.ChildProcess._handle.onexit (internal/child_process.js:211:5)
15 verbose pkgid termster@0.0.2
16 verbose cwd /Users/joegesualdo/code/node/modules/termster
17 error Darwin 15.3.0
18 error argv "/usr/local/n/versions/node/5.6.0/bin/node" "/usr/local/bin/npm" "start"
19 error node v5.6.0
20 error npm  v3.6.0
21 error code ELIFECYCLE
22 error termster@0.0.2 start: `gulp`
22 error Exit status 1
23 error Failed at the termster@0.0.2 start script 'gulp'.
23 error Make sure you have the latest version of node.js and npm installed.
23 error If you do, this is most likely a problem with the termster package,
23 error not with npm itself.
23 error Tell the author that this fails on your system:
23 error     gulp
23 error You can get information on how to open an issue for this project with:
23 error     npm bugs termster
23 error Or if that isn't available, you can get their info via:
23 error     npm owner ls termster
23 error There is likely additional logging output above.
24 verbose exit [ 1, true ]
